<?xml version="1.0" encoding="UTF-8"?>
<testsuite name="org.example.bot.botLogic.SimpleBot.ResponseToUserAndEventType.GoogleSheetsTest" tests="2" skipped="0" failures="0" errors="0" timestamp="2022-12-15T19:46:57" hostname="LAPTOP-4R58P7VE" time="1.262">
  <properties/>
  <testcase name="readSheetColTest()" classname="org.example.bot.botLogic.SimpleBot.ResponseToUserAndEventType.GoogleSheetsTest" time="0.913"/>
  <testcase name="readSheetRowTest()" classname="org.example.bot.botLogic.SimpleBot.ResponseToUserAndEventType.GoogleSheetsTest" time="0.348"/>
  <system-out><![CDATA[]]></system-out>
  <system-err><![CDATA[]]></system-err>
</testsuite>
